<?xml version="1.0" encoding="UTF-8"?>
<!-- Generated by org.testng.reporters.JUnitReportReporter -->
<testsuite hostname="DESKTOP-UUTK1KU" failures="0" tests="1" name="com.dbankdemo.testscripts.TestRunner" time="53.254" errors="0" timestamp="2023-09-16T13:00:30 IST" skipped="0">
  <testcase classname="com.dbankdemo.testscripts.TestRunner" name="runScenario" time="53.254"/>
  <system-out/>
</testsuite> <!-- com.dbankdemo.testscripts.TestRunner -->
